<?xml version="1.0" encoding="UTF-8"?>
<testsuite xmlns:xsi="http://www.w3.org/2001/XMLSchema-instance" xsi:noNamespaceSchemaLocation="https://maven.apache.org/surefire/maven-surefire-plugin/xsd/surefire-test-report-3.0.xsd" version="3.0" name="group.teachingmanagerbk.TeachingManagerBkApplicationTests" time="3.3" tests="1" errors="0" skipped="0" failures="0">
  <properties>
[...]
</properties>
  <testcase name="contextLoads" classname="group.teachingmanagerbk.TeachingManagerBkApplicationTests" time="0.915">
    <system-out><![CDATA[09:54:55.047 [main] INFO org.springframework.test.context.support.AnnotationConfigContextLoaderUtils -- Could not detect default configuration classes for test class [group.teachingmanagerbk.TeachingManagerBkApplicationTests]: TeachingManagerBkApplicationTests does not declare any static, non-private, non-final, nested classes annotated with @Configuration.
09:54:55.156 [main] INFO org.springframework.boot.test.context.SpringBootTestContextBootstrapper -- Found @SpringBootConfiguration group.teachingmanagerbk.TeachingManagerBkApplication for test class group.teachingmanagerbk.TeachingManagerBkApplicationTests

  .   ____          _            __ _ _
 /\\ / ___'_ __ _ _(_)_ __  __ _ \ \ \ \
( ( )\___ | '_ | '_| | '_ \/ _` | \ \ \ \
 \\/  ___)| |_)| | | | | || (_| |  ) ) ) )
  '  |____| .__|_| |_|_| |_\__, | / / / /
 =========|_|==============|___/=/_/_/_/
 :: Spring Boot ::                (v3.1.5)

2023-11-23T09:54:55.577+08:00  INFO 8316 --- [           main] g.t.TeachingManagerBkApplicationTests    : Starting TeachingManagerBkApplicationTests using Java 19.0.1 with PID 8316 (started by 苏小明 in D:\Projects\teaching-manager-project\program\teaching-manager-bk)
2023-11-23T09:54:55.579+08:00  INFO 8316 --- [           main] g.t.TeachingManagerBkApplicationTests    : No active profile set, falling back to 1 default profile: "default"
Logging initialized using 'class org.apache.ibatis.logging.stdout.StdOutImpl' adapter.
2023-11-23T09:54:57.250+08:00  INFO 8316 --- [           main] g.t.TeachingManagerBkApplicationTests    : Started TeachingManagerBkApplicationTests in 1.94 seconds (process running for 2.845)
]]></system-out>
  </testcase>
</testsuite>